E, [2019-07-24T14:02:24.120534 #31437] ERROR -- Kitchen: ------Exception-------
E, [2019-07-24T14:02:24.120717 #31437] ERROR -- Kitchen: Class: Kitchen::UserError
E, [2019-07-24T14:02:24.120785 #31437] ERROR -- Kitchen: Message: Kitchen YAML file /home/vagrant/wazuh-puppet/kitchen.yml does not exist.
E, [2019-07-24T14:02:24.120849 #31437] ERROR -- Kitchen: ----------------------
E, [2019-07-24T14:02:24.120907 #31437] ERROR -- Kitchen: ------Backtrace-------
E, [2019-07-24T14:02:24.120966 #31437] ERROR -- Kitchen: /home/vagrant/.rvm/gems/ruby-2.3.0/gems/test-kitchen-2.2.5/lib/kitchen/loader/yaml.rb:65:in `read'
E, [2019-07-24T14:02:24.121012 #31437] ERROR -- Kitchen: /home/vagrant/.rvm/gems/ruby-2.3.0/gems/test-kitchen-2.2.5/lib/kitchen/config.rb:152:in `data'
E, [2019-07-24T14:02:24.121079 #31437] ERROR -- Kitchen: /home/vagrant/.rvm/gems/ruby-2.3.0/gems/test-kitchen-2.2.5/lib/kitchen/config.rb:131:in `suites'
E, [2019-07-24T14:02:24.121144 #31437] ERROR -- Kitchen: /home/vagrant/.rvm/gems/ruby-2.3.0/gems/test-kitchen-2.2.5/lib/kitchen/config.rb:182:in `filter_instances'
E, [2019-07-24T14:02:24.121204 #31437] ERROR -- Kitchen: /home/vagrant/.rvm/gems/ruby-2.3.0/gems/test-kitchen-2.2.5/lib/kitchen/config.rb:141:in `build_instances'
E, [2019-07-24T14:02:24.121262 #31437] ERROR -- Kitchen: /home/vagrant/.rvm/gems/ruby-2.3.0/gems/test-kitchen-2.2.5/lib/kitchen/config.rb:117:in `instances'
E, [2019-07-24T14:02:24.121390 #31437] ERROR -- Kitchen: /home/vagrant/.rvm/gems/ruby-2.3.0/gems/test-kitchen-2.2.5/lib/kitchen/command.rb:112:in `filtered_instances'
E, [2019-07-24T14:02:24.121461 #31437] ERROR -- Kitchen: /home/vagrant/.rvm/gems/ruby-2.3.0/gems/test-kitchen-2.2.5/lib/kitchen/command.rb:142:in `parse_subcommand'
E, [2019-07-24T14:02:24.121604 #31437] ERROR -- Kitchen: /home/vagrant/.rvm/gems/ruby-2.3.0/gems/test-kitchen-2.2.5/lib/kitchen/command/list.rb:30:in `call'
E, [2019-07-24T14:02:24.121665 #31437] ERROR -- Kitchen: /home/vagrant/.rvm/gems/ruby-2.3.0/gems/test-kitchen-2.2.5/lib/kitchen/cli.rb:52:in `perform'
E, [2019-07-24T14:02:24.121711 #31437] ERROR -- Kitchen: /home/vagrant/.rvm/gems/ruby-2.3.0/gems/test-kitchen-2.2.5/lib/kitchen/cli.rb:120:in `list'
E, [2019-07-24T14:02:24.121753 #31437] ERROR -- Kitchen: /home/vagrant/.rvm/gems/ruby-2.3.0/gems/thor-0.20.3/lib/thor/command.rb:27:in `run'
E, [2019-07-24T14:02:24.121796 #31437] ERROR -- Kitchen: /home/vagrant/.rvm/gems/ruby-2.3.0/gems/thor-0.20.3/lib/thor/invocation.rb:126:in `invoke_command'
E, [2019-07-24T14:02:24.121838 #31437] ERROR -- Kitchen: /home/vagrant/.rvm/gems/ruby-2.3.0/gems/thor-0.20.3/lib/thor.rb:387:in `dispatch'
E, [2019-07-24T14:02:24.121880 #31437] ERROR -- Kitchen: /home/vagrant/.rvm/gems/ruby-2.3.0/gems/thor-0.20.3/lib/thor/base.rb:466:in `start'
E, [2019-07-24T14:02:24.121923 #31437] ERROR -- Kitchen: /home/vagrant/.rvm/gems/ruby-2.3.0/gems/test-kitchen-2.2.5/bin/kitchen:13:in `block in <top (required)>'
E, [2019-07-24T14:02:24.121965 #31437] ERROR -- Kitchen: /home/vagrant/.rvm/gems/ruby-2.3.0/gems/test-kitchen-2.2.5/lib/kitchen/errors.rb:171:in `with_friendly_errors'
E, [2019-07-24T14:02:24.122007 #31437] ERROR -- Kitchen: /home/vagrant/.rvm/gems/ruby-2.3.0/gems/test-kitchen-2.2.5/bin/kitchen:13:in `<top (required)>'
E, [2019-07-24T14:02:24.122084 #31437] ERROR -- Kitchen: /home/vagrant/.rvm/gems/ruby-2.3.0/bin/kitchen:23:in `load'
E, [2019-07-24T14:02:24.122126 #31437] ERROR -- Kitchen: /home/vagrant/.rvm/gems/ruby-2.3.0/bin/kitchen:23:in `<main>'
E, [2019-07-24T14:02:24.122200 #31437] ERROR -- Kitchen: /home/vagrant/.rvm/gems/ruby-2.3.0/bin/ruby_executable_hooks:15:in `eval'
E, [2019-07-24T14:02:24.122243 #31437] ERROR -- Kitchen: /home/vagrant/.rvm/gems/ruby-2.3.0/bin/ruby_executable_hooks:15:in `<main>'
E, [2019-07-24T14:02:24.122285 #31437] ERROR -- Kitchen: ----End Backtrace-----
